[coderthemes.com/uplon/layouts/vertical/index.html]
[backblue.gif]
[fade.gif]
[index.html]
[coderthemes.com/uplon/layouts/vertical/assets/images/favicon.ico]
[coderthemes.com/uplon/layouts/vertical/assets/css/bootstrap.min.css]
[coderthemes.com/uplon/layouts/vertical/assets/css/app.min.css]
[coderthemes.com/uplon/layouts/vertical/assets/images/flags/us.jpg]
[coderthemes.com/uplon/layouts/vertical/assets/css/icons.min.css]
[coderthemes.com/uplon/layouts/vertical/assets/images/flags/germany.jpg]
[coderthemes.com/uplon/layouts/vertical/assets/images/flags/italy.jpg]
[coderthemes.com/uplon/layouts/vertical/assets/images/flags/spain.jpg]
[coderthemes.com/uplon/layouts/vertical/assets/images/flags/russia.jpg]
[coderthemes.com/uplon/layouts/vertical/assets/images/users/avatar-1.jpg]
[coderthemes.com/uplon/layouts/vertical/assets/images/users/avatar-2.jpg]
[coderthemes.com/uplon/layouts/vertical/assets/images/users/avatar-3.jpg]
[coderthemes.com/uplon/layouts/vertical/assets/images/users/avatar-4.jpg]
[coderthemes.com/uplon/layouts/vertical/assets/images/users/avatar-5.jpg]
[coderthemes.com/uplon/layouts/vertical/assets/images/logo.png]
[coderthemes.com/uplon/layouts/vertical/assets/images/logo-sm.png]
[coderthemes.com/uplon/layouts/vertical/assets/images/logo-light.png]
[coderthemes.com/uplon/layouts/vertical/assets/images/logo-sm-light.png]
[coderthemes.com/uplon/layouts/vertical/calendar.html]
[coderthemes.com/uplon/layouts/vertical/layouts-dark-sidebar.html]
[coderthemes.com/uplon/layouts/vertical/layouts-small-sidebar.html]
[coderthemes.com/uplon/layouts/vertical/layouts-sidebar-collapsed.html]
[coderthemes.com/uplon/layouts/vertical/layouts-unsticky.html]
[coderthemes.com/uplon/layouts/vertical/layouts-boxed.html]
[coderthemes.com/uplon/layouts/vertical/pages-starter.html]
[coderthemes.com/uplon/layouts/vertical/pages-login.html]
[coderthemes.com/uplon/layouts/vertical/pages-register.html]
[coderthemes.com/uplon/layouts/vertical/pages-recoverpw.html]
[coderthemes.com/uplon/layouts/vertical/pages-lock-screen.html]
[coderthemes.com/uplon/layouts/vertical/pages-404.html]
[coderthemes.com/uplon/layouts/vertical/pages-500.html]
[coderthemes.com/uplon/layouts/vertical/pages-timeline.html]
[coderthemes.com/uplon/layouts/vertical/pages-invoice.html]
[coderthemes.com/uplon/layouts/vertical/pages-pricing.html]
[coderthemes.com/uplon/layouts/vertical/pages-gallery.html]
[coderthemes.com/uplon/layouts/vertical/pages-maintenance.html]
[coderthemes.com/uplon/layouts/vertical/pages-comingsoon.html]
[coderthemes.com/uplon/layouts/vertical/ui-buttons.html]
[coderthemes.com/uplon/layouts/vertical/ui-cards.html]
[coderthemes.com/uplon/layouts/vertical/ui-dropdowns.html]
[coderthemes.com/uplon/layouts/vertical/ui-checkbox-radio.html]
[coderthemes.com/uplon/layouts/vertical/ui-navs.html]
[coderthemes.com/uplon/layouts/vertical/ui-progress.html]
[coderthemes.com/uplon/layouts/vertical/ui-modals.html]
[coderthemes.com/uplon/layouts/vertical/ui-notification.html]
[coderthemes.com/uplon/layouts/vertical/ui-alerts.html]
[coderthemes.com/uplon/layouts/vertical/ui-carousel.html]
[coderthemes.com/uplon/layouts/vertical/ui-bootstrap.html]
[coderthemes.com/uplon/layouts/vertical/ui-typography.html]
[coderthemes.com/uplon/layouts/vertical/components-grid.html]
[coderthemes.com/uplon/layouts/vertical/components-range-sliders.html]
[coderthemes.com/uplon/layouts/vertical/components-sweet-alert.html]
[coderthemes.com/uplon/layouts/vertical/components-ratings.html]
[coderthemes.com/uplon/layouts/vertical/components-treeview.html]
[coderthemes.com/uplon/layouts/vertical/components-tour.html]
[coderthemes.com/uplon/layouts/vertical/widgets-tiles.html]
[coderthemes.com/uplon/layouts/vertical/widgets-charts.html]
[coderthemes.com/uplon/layouts/vertical/icons-materialdesign.html]
[coderthemes.com/uplon/layouts/vertical/icons-ionicons.html]
[coderthemes.com/uplon/layouts/vertical/icons-fontawesome.html]
[coderthemes.com/uplon/layouts/vertical/icons-themify.html]
[coderthemes.com/uplon/layouts/vertical/icons-simple-line.html]
[coderthemes.com/uplon/layouts/vertical/icons-weather.html]
[coderthemes.com/uplon/layouts/vertical/icons-pe7.html]
[coderthemes.com/uplon/layouts/vertical/icons-typicons.html]
[coderthemes.com/uplon/layouts/vertical/form-elements.html]
[coderthemes.com/uplon/layouts/vertical/form-advanced.html]
[coderthemes.com/uplon/layouts/vertical/form-validation.html]
[coderthemes.com/uplon/layouts/vertical/form-pickers.html]
[coderthemes.com/uplon/layouts/vertical/form-wizard.html]
[coderthemes.com/uplon/layouts/vertical/form-mask.html]
[coderthemes.com/uplon/layouts/vertical/form-uploads.html]
[coderthemes.com/uplon/layouts/vertical/form-xeditable.html]
[coderthemes.com/uplon/layouts/vertical/tables-basic.html]
[coderthemes.com/uplon/layouts/vertical/tables-datatable.html]
[coderthemes.com/uplon/layouts/vertical/tables-responsive.html]
[coderthemes.com/uplon/layouts/vertical/tables-tablesaw.html]
[coderthemes.com/uplon/layouts/vertical/charts-flot.html]
[coderthemes.com/uplon/layouts/vertical/charts-morris.html]
[coderthemes.com/uplon/layouts/vertical/charts-chartjs.html]
[coderthemes.com/uplon/layouts/vertical/charts-peity.html]
[coderthemes.com/uplon/layouts/vertical/charts-chartist.html]
[coderthemes.com/uplon/layouts/vertical/charts-c3.html]
[coderthemes.com/uplon/layouts/vertical/charts-sparkline.html]
[coderthemes.com/uplon/layouts/vertical/charts-knob.html]
[coderthemes.com/uplon/layouts/vertical/assets/images/users/avatar-6.jpg]
[coderthemes.com/uplon/layouts/vertical/assets/images/users/avatar-8.jpg]
[coderthemes.com/uplon/layouts/vertical/assets/images/users/avatar-9.jpg]
[coderthemes.com/uplon/layouts/vertical/assets/images/layouts/light.png]
[coderthemes.com/uplon/layouts/vertical/assets/images/layouts/dark.png]
[coderthemes.com/uplon/layouts/vertical/assets/css/bootstrap-dark.min.css]
[coderthemes.com/uplon/layouts/vertical/assets/css/app-dark.min.css]
[coderthemes.com/uplon/layouts/vertical/assets/images/layouts/rtl.png]
[coderthemes.com/uplon/layouts/vertical/assets/css/app-rtl.min.css]
[coderthemes.com/uplon/layouts/vertical/assets/libs/morris-js/morris.min.js]
[coderthemes.com/uplon/layouts/vertical/assets/libs/raphael/raphael.min.js]
[coderthemes.com/uplon/layouts/vertical/assets/js/pages/dashboard.init.js]
[coderthemes.com/uplon/layouts/vertical/assets/js/app.min.js]
[coderthemes.com/uplon/layouts/vertical/index.html]
[coderthemes.com/uplon/layouts/vertical/assets/css/bootstrap.min.css]
[coderthemes.com/uplon/layouts/vertical/assets/fonts/materialdesignicons-webfont2f9b.eot]
[coderthemes.com/uplon/layouts/vertical/assets/fonts/materialdesignicons-webfontd41d.eot]
[coderthemes.com/uplon/layouts/vertical/assets/fonts/materialdesignicons-webfont2f9b.woff2]
[coderthemes.com/uplon/layouts/vertical/assets/js/vendor.min.js]
[coderthemes.com/uplon/layouts/vertical/assets/fonts/materialdesignicons-webfont2f9b.woff]
[coderthemes.com/uplon/layouts/vertical/assets/fonts/materialdesignicons-webfont2f9b.ttf]
[coderthemes.com/uplon/layouts/vertical/assets/fonts/fa-brands-400.eot]
[coderthemes.com/uplon/layouts/vertical/assets/fonts/fa-brands-400d41d.eot]
[coderthemes.com/uplon/layouts/vertical/assets/fonts/fa-brands-400.woff2]
[coderthemes.com/uplon/layouts/vertical/assets/fonts/fa-brands-400.woff]
[coderthemes.com/uplon/layouts/vertical/assets/fonts/fa-brands-400.ttf]
[coderthemes.com/uplon/layouts/vertical/assets/fonts/fa-regular-400.eot]
[coderthemes.com/uplon/layouts/vertical/assets/fonts/fa-regular-400d41d.eot]
[coderthemes.com/uplon/layouts/vertical/assets/fonts/fa-regular-400.woff2]
[coderthemes.com/uplon/layouts/vertical/assets/fonts/fa-regular-400.woff]
[coderthemes.com/uplon/layouts/vertical/assets/fonts/fa-regular-400.ttf]
[coderthemes.com/uplon/layouts/vertical/assets/fonts/fa-solid-900.eot]
[coderthemes.com/uplon/layouts/vertical/assets/fonts/fa-solid-900d41d.eot]
[coderthemes.com/uplon/layouts/vertical/assets/fonts/fa-solid-900.woff2]
[coderthemes.com/uplon/layouts/vertical/assets/fonts/fa-solid-900.woff]
[coderthemes.com/uplon/layouts/vertical/assets/fonts/fa-solid-900.ttf]
[coderthemes.com/uplon/layouts/vertical/assets/fonts/ioniconsde33.eot]
[coderthemes.com/uplon/layouts/vertical/assets/fonts/ioniconsde33.woff2]
[coderthemes.com/uplon/layouts/vertical/assets/fonts/ioniconsde33.woff]
[coderthemes.com/uplon/layouts/vertical/assets/fonts/ioniconsde33.ttf]
[coderthemes.com/uplon/layouts/vertical/assets/fonts/themify9f24.eot]
[coderthemes.com/uplon/layouts/vertical/assets/fonts/themifyd41d.eot]
[coderthemes.com/uplon/layouts/vertical/assets/fonts/themify9f24.woff]
[coderthemes.com/uplon/layouts/vertical/assets/fonts/themify9f24.ttf]
[coderthemes.com/uplon/layouts/vertical/assets/fonts/Simple-Line-Icons4c82.eot]
[coderthemes.com/uplon/layouts/vertical/assets/fonts/Simple-Line-Iconsd41d.eot]
[coderthemes.com/uplon/layouts/vertical/assets/fonts/Simple-Line-Icons4c82.ttf]
[coderthemes.com/uplon/layouts/vertical/assets/fonts/Simple-Line-Icons4c82.woff2]
[coderthemes.com/uplon/layouts/vertical/assets/fonts/Simple-Line-Icons4c82.woff]
[coderthemes.com/uplon/layouts/vertical/assets/fonts/weathericons-regular-webfont.eot]
[coderthemes.com/uplon/layouts/vertical/assets/fonts/weathericons-regular-webfontd41d.eot]
[coderthemes.com/uplon/layouts/vertical/assets/fonts/weathericons-regular-webfont.woff2]
[coderthemes.com/uplon/layouts/vertical/assets/fonts/weathericons-regular-webfont.woff]
[coderthemes.com/uplon/layouts/vertical/assets/fonts/weathericons-regular-webfont.ttf]
[coderthemes.com/uplon/layouts/vertical/assets/fonts/typicons.eot]
[coderthemes.com/uplon/layouts/vertical/assets/fonts/typiconsd41d.eot]
[coderthemes.com/uplon/layouts/vertical/assets/fonts/typicons.woff]
[coderthemes.com/uplon/layouts/vertical/assets/fonts/typicons.ttf]
[coderthemes.com/uplon/layouts/vertical/assets/fonts/Pe-icon-7-strokebb1d.eot]
[coderthemes.com/uplon/layouts/vertical/assets/fonts/Pe-icon-7-stroked41d.eot]
[coderthemes.com/uplon/layouts/vertical/assets/fonts/Pe-icon-7-strokebb1d.woff]
[coderthemes.com/uplon/layouts/vertical/assets/fonts/Pe-icon-7-strokebb1d.ttf]
[coderthemes.com/uplon/layouts/vertical/assets/css/icons.min.css]
[coderthemes.com/uplon/layouts/vertical/assets/css/app.min.css]
[coderthemes.com/uplon/layouts/vertical/assets/libs/fullcalendar/fullcalendar.min.css]
[coderthemes.com/uplon/layouts/vertical/assets/libs/moment/moment.min.js]
[coderthemes.com/uplon/layouts/vertical/assets/js/pages/calendar.init.js]
[coderthemes.com/uplon/layouts/vertical/calendar.html]
[coderthemes.com/uplon/layouts/vertical/layouts-dark-sidebar.html]
[coderthemes.com/uplon/layouts/vertical/layouts-small-sidebar.html]
[coderthemes.com/uplon/layouts/vertical/layouts-sidebar-collapsed.html]
[coderthemes.com/uplon/layouts/vertical/layouts-unsticky.html]
[coderthemes.com/uplon/layouts/vertical/layouts-boxed.html]
[coderthemes.com/uplon/layouts/vertical/pages-starter.html]
[coderthemes.com/uplon/layouts/vertical/pages-login.html]
[coderthemes.com/uplon/layouts/vertical/pages-register.html]
[coderthemes.com/uplon/layouts/vertical/pages-recoverpw.html]
[coderthemes.com/uplon/layouts/vertical/pages-lock-screen.html]
[coderthemes.com/uplon/layouts/vertical/pages-404.html]
[coderthemes.com/uplon/layouts/vertical/pages-500.html]
[coderthemes.com/uplon/layouts/vertical/assets/libs/jquery-ui/jquery-ui.min.js]
[coderthemes.com/uplon/layouts/vertical/assets/images/small/img-1.jpg]
[coderthemes.com/uplon/layouts/vertical/assets/libs/fullcalendar/fullcalendar.min.js]
[coderthemes.com/uplon/layouts/vertical/assets/images/small/img-2.jpg]
[coderthemes.com/uplon/layouts/vertical/assets/images/small/img-3.jpg]
[coderthemes.com/uplon/layouts/vertical/pages-timeline.html]
[coderthemes.com/uplon/layouts/vertical/pages-invoice.html]
[coderthemes.com/uplon/layouts/vertical/pages-pricing.html]
[coderthemes.com/uplon/layouts/vertical/assets/libs/magnific-popup/magnific-popup.css]
[coderthemes.com/uplon/layouts/vertical/assets/images/small/img-12.jpg]
[coderthemes.com/uplon/layouts/vertical/assets/images/small/img-4.jpg]
[coderthemes.com/uplon/layouts/vertical/assets/images/small/img-9.jpg]
[coderthemes.com/uplon/layouts/vertical/assets/images/small/img-6.jpg]
[coderthemes.com/uplon/layouts/vertical/assets/images/small/img-7.jpg]
[coderthemes.com/uplon/layouts/vertical/assets/images/small/img-8.jpg]
[coderthemes.com/uplon/layouts/vertical/assets/images/small/img-5.jpg]
[coderthemes.com/uplon/layouts/vertical/assets/images/small/img-10.jpg]
[coderthemes.com/uplon/layouts/vertical/assets/images/small/img-11.jpg]
[coderthemes.com/uplon/layouts/vertical/assets/libs/isotope/isotope.pkgd.min.js]
[coderthemes.com/uplon/layouts/vertical/assets/libs/magnific-popup/jquery.magnific-popup.min.js]
[coderthemes.com/uplon/layouts/vertical/assets/js/pages/gallery.init.js]
[coderthemes.com/uplon/layouts/vertical/pages-gallery.html]
[coderthemes.com/uplon/layouts/vertical/pages-maintenance.html]
[coderthemes.com/uplon/layouts/vertical/assets/libs/jquery-countdown/jquery.countdown.min.js]
[coderthemes.com/uplon/layouts/vertical/assets/js/pages/coming-soon.init.js]
[coderthemes.com/uplon/layouts/vertical/pages-comingsoon.html]
[coderthemes.com/uplon/layouts/vertical/ui-buttons.html]
[coderthemes.com/uplon/layouts/vertical/ui-cards.html]
[coderthemes.com/uplon/layouts/vertical/ui-dropdowns.html]
[coderthemes.com/uplon/layouts/vertical/ui-checkbox-radio.html]
[coderthemes.com/uplon/layouts/vertical/ui-navs.html]
[coderthemes.com/uplon/layouts/vertical/ui-progress.html]
[coderthemes.com/uplon/layouts/vertical/assets/libs/custombox/custombox.min.css]
[coderthemes.com/uplon/layouts/vertical/assets/libs/custombox/custombox.min.js]
[coderthemes.com/uplon/layouts/vertical/ui-modals.html]
[coderthemes.com/uplon/layouts/vertical/assets/libs/toastr/toastr.min.css]
[coderthemes.com/uplon/layouts/vertical/assets/libs/toastr/toastr.min.js]
[coderthemes.com/uplon/layouts/vertical/assets/js/pages/toastr.init.js]
[coderthemes.com/uplon/layouts/vertical/ui-notification.html]
[coderthemes.com/uplon/layouts/vertical/ui-alerts.html]
[coderthemes.com/uplon/layouts/vertical/assets/images/big/img-1.jpg]
[coderthemes.com/uplon/layouts/vertical/assets/images/big/img-2.jpg]
[coderthemes.com/uplon/layouts/vertical/assets/images/big/img-3.jpg]
[coderthemes.com/uplon/layouts/vertical/ui-carousel.html]
[coderthemes.com/uplon/layouts/vertical/ui-bootstrap.html]
[coderthemes.com/uplon/layouts/vertical/ui-typography.html]
[coderthemes.com/uplon/layouts/vertical/components-grid.html]
[coderthemes.com/uplon/layouts/vertical/assets/libs/ion-rangeslider/ion.rangeSlider.css]
[coderthemes.com/uplon/layouts/vertical/assets/libs/ion-rangeslider/ion.rangeSlider.min.js]
[coderthemes.com/uplon/layouts/vertical/assets/js/pages/range-sliders.init.js]
[coderthemes.com/uplon/layouts/vertical/components-range-sliders.html]
[coderthemes.com/uplon/layouts/vertical/assets/libs/sweetalert2/sweetalert2.min.css]
[coderthemes.com/uplon/layouts/vertical/assets/libs/sweetalert2/sweetalert2.min.js]
[coderthemes.com/uplon/layouts/vertical/assets/js/pages/sweet-alerts.init.js]
[coderthemes.com/uplon/layouts/vertical/components-sweet-alert.html]
[coderthemes.com/uplon/layouts/vertical/assets/libs/raty-fa/jquery.raty-fa.js]
[coderthemes.com/uplon/layouts/vertical/assets/js/pages/rating.init.js]
[coderthemes.com/uplon/layouts/vertical/components-ratings.html]
[coderthemes.com/uplon/layouts/vertical/assets/libs/jstree/style.css]
[coderthemes.com/uplon/layouts/vertical/assets/libs/jstree/jstree.min.js]
[coderthemes.com/uplon/layouts/vertical/assets/js/pages/treeview.init.js]
[coderthemes.com/uplon/layouts/vertical/components-treeview.html]
[coderthemes.com/uplon/layouts/vertical/assets/libs/hopscotch/hopscotch.min.css]
[coderthemes.com/uplon/layouts/vertical/assets/libs/hopscotch/hopscotch.min.js]
[coderthemes.com/uplon/layouts/vertical/assets/js/pages/tour.init.js]
[coderthemes.com/uplon/layouts/vertical/components-tour.html]
[coderthemes.com/uplon/layouts/vertical/assets/images/users/avatar-10.jpg]
[coderthemes.com/uplon/layouts/vertical/widgets-tiles.html]
[coderthemes.com/uplon/layouts/vertical/assets/libs/chartist/chartist.min.css]
[coderthemes.com/uplon/layouts/vertical/assets/libs/chartist/chartist.min.js]
[coderthemes.com/uplon/layouts/vertical/assets/libs/chartist/chartist-plugin-tooltip.min.js]
[coderthemes.com/uplon/layouts/vertical/assets/libs/jquery-knob/jquery.knob.min.js]
[coderthemes.com/uplon/layouts/vertical/assets/js/pages/widgets.init.js]
[coderthemes.com/uplon/layouts/vertical/widgets-charts.html]
[coderthemes.com/uplon/layouts/vertical/icons-materialdesign.html]
[coderthemes.com/uplon/layouts/vertical/icons-ionicons.html]
[coderthemes.com/uplon/layouts/vertical/icons-fontawesome.html]
[coderthemes.com/uplon/layouts/vertical/icons-themify.html]
[coderthemes.com/uplon/layouts/vertical/icons-simple-line.html]
[coderthemes.com/uplon/layouts/vertical/icons-weather.html]
[coderthemes.com/uplon/layouts/vertical/icons-pe7.html]
[coderthemes.com/uplon/layouts/vertical/icons-typicons.html]
[coderthemes.com/uplon/layouts/vertical/form-elements.html]
[coderthemes.com/uplon/layouts/vertical/assets/libs/bootstrap-tagsinput/bootstrap-tagsinput.css]
[coderthemes.com/uplon/layouts/vertical/assets/libs/switchery/switchery.min.css]
[coderthemes.com/uplon/layouts/vertical/assets/libs/multiselect/multi-select.css]
[coderthemes.com/uplon/layouts/vertical/assets/libs/select2/select2.min.css]
[coderthemes.com/uplon/layouts/vertical/assets/libs/bootstrap-tagsinput/bootstrap-tagsinput.min.js]
[coderthemes.com/uplon/layouts/vertical/assets/libs/switchery/switchery.min.js]
[coderthemes.com/uplon/layouts/vertical/assets/libs/multiselect/jquery.multi-select.js]
[coderthemes.com/uplon/layouts/vertical/assets/libs/jquery-quicksearch/jquery.quicksearch.min.js]
[coderthemes.com/uplon/layouts/vertical/assets/libs/select2/select2.min.js]
[coderthemes.com/uplon/layouts/vertical/assets/libs/jquery-mockjax/jquery.mockjax.min.js]
[coderthemes.com/uplon/layouts/vertical/assets/libs/autocomplete/jquery.autocomplete.min.js]
[coderthemes.com/uplon/layouts/vertical/assets/libs/bootstrap-maxlength/bootstrap-maxlength.min.js]
[coderthemes.com/uplon/layouts/vertical/assets/js/pages/form-advanced.init.js]
[coderthemes.com/uplon/layouts/vertical/form-advanced.html]
[coderthemes.com/uplon/layouts/vertical/assets/libs/parsleyjs/parsley.min.js]
[coderthemes.com/uplon/layouts/vertical/assets/js/pages/form-validation.init.js]
[coderthemes.com/uplon/layouts/vertical/form-validation.html]
[coderthemes.com/uplon/layouts/vertical/assets/libs/bootstrap-timepicker/bootstrap-timepicker.min.css]
[coderthemes.com/uplon/layouts/vertical/assets/libs/bootstrap-colorpicker/bootstrap-colorpicker.min.css]
[coderthemes.com/uplon/layouts/vertical/assets/libs/bootstrap-datepicker/bootstrap-datepicker.min.css]
[coderthemes.com/uplon/layouts/vertical/assets/libs/bootstrap-daterangepicker/daterangepicker.css]
[coderthemes.com/uplon/layouts/vertical/assets/libs/clockpicker/bootstrap-clockpicker.min.css]
[coderthemes.com/uplon/layouts/vertical/assets/libs/bootstrap-timepicker/bootstrap-timepicker.min.js]
[coderthemes.com/uplon/layouts/vertical/assets/libs/bootstrap-colorpicker/bootstrap-colorpicker.min.js]
[coderthemes.com/uplon/layouts/vertical/assets/libs/bootstrap-datepicker/bootstrap-datepicker.min.js]
[coderthemes.com/uplon/layouts/vertical/assets/libs/bootstrap-daterangepicker/daterangepicker.js]
[coderthemes.com/uplon/layouts/vertical/assets/libs/clockpicker/bootstrap-clockpicker.min.js]
[coderthemes.com/uplon/layouts/vertical/assets/js/pages/form-pickers.init.js]
[coderthemes.com/uplon/layouts/vertical/form-pickers.html]
[coderthemes.com/uplon/layouts/vertical/assets/libs/jquery-steps/jquery.steps.min.js]
[coderthemes.com/uplon/layouts/vertical/assets/libs/jquery-validation/jquery.validate.min.js]
[coderthemes.com/uplon/layouts/vertical/assets/js/pages/form-wizard.init.js]
[coderthemes.com/uplon/layouts/vertical/form-wizard.html]
[coderthemes.com/uplon/layouts/vertical/assets/libs/jquery-mask-plugin/jquery.mask.min.js]
[coderthemes.com/uplon/layouts/vertical/assets/js/pages/form-masks.init.js]
[coderthemes.com/uplon/layouts/vertical/form-mask.html]
[coderthemes.com/uplon/layouts/vertical/assets/libs/autonumeric/autoNumeric.min.js]
[coderthemes.com/uplon/layouts/vertical/assets/libs/dropify/dropify.min.css]
[coderthemes.com/uplon/layouts/vertical/assets/libs/dropify/dropify.min.js]
[coderthemes.com/uplon/layouts/vertical/assets/js/pages/form-fileuploads.init.js]
[coderthemes.com/uplon/layouts/vertical/form-uploads.html]
[coderthemes.com/uplon/layouts/vertical/assets/libs/x-editable/bootstrap-editable.css]
[coderthemes.com/uplon/layouts/vertical/assets/libs/x-editable/bootstrap-editable.min.js]
[coderthemes.com/uplon/layouts/vertical/assets/js/pages/form-xeditable.init.js]
[coderthemes.com/uplon/layouts/vertical/form-xeditable.html]
[coderthemes.com/uplon/layouts/vertical/tables-basic.html]
[coderthemes.com/uplon/layouts/vertical/assets/libs/datatables/dataTables.bootstrap4.min.css]
[coderthemes.com/uplon/layouts/vertical/assets/libs/datatables/buttons.bootstrap4.min.css]
[coderthemes.com/uplon/layouts/vertical/assets/libs/datatables/responsive.bootstrap4.min.css]
[coderthemes.com/uplon/layouts/vertical/assets/libs/datatables/select.bootstrap4.min.css]
[coderthemes.com/uplon/layouts/vertical/assets/libs/datatables/dataTables.bootstrap4.min.js]
[coderthemes.com/uplon/layouts/vertical/assets/libs/datatables/jquery.dataTables.min.js]
[coderthemes.com/uplon/layouts/vertical/assets/libs/datatables/dataTables.responsive.min.js]
[coderthemes.com/uplon/layouts/vertical/assets/libs/datatables/responsive.bootstrap4.min.js]
[coderthemes.com/uplon/layouts/vertical/assets/libs/datatables/dataTables.buttons.min.js]
[coderthemes.com/uplon/layouts/vertical/assets/libs/datatables/buttons.bootstrap4.min.js]
[coderthemes.com/uplon/layouts/vertical/assets/libs/jszip/jszip.min.js]
[coderthemes.com/uplon/layouts/vertical/assets/libs/pdfmake/vfs_fonts.js]
[coderthemes.com/uplon/layouts/vertical/assets/libs/datatables/buttons.html5.min.js]
[coderthemes.com/uplon/layouts/vertical/assets/libs/datatables/buttons.print.min.js]
[coderthemes.com/uplon/layouts/vertical/assets/libs/datatables/dataTables.keyTable.min.js]
[coderthemes.com/uplon/layouts/vertical/assets/libs/datatables/dataTables.select.min.js]
[coderthemes.com/uplon/layouts/vertical/assets/js/pages/datatables.init.js]
[coderthemes.com/uplon/layouts/vertical/tables-datatable.html]
[coderthemes.com/uplon/layouts/vertical/assets/libs/rwd-table/rwd-table.min.css]
[coderthemes.com/uplon/layouts/vertical/assets/libs/rwd-table/rwd-table.min.js]
[coderthemes.com/uplon/layouts/vertical/assets/js/pages/responsive-table.init.js]
[coderthemes.com/uplon/layouts/vertical/tables-responsive.html]
[coderthemes.com/uplon/layouts/vertical/assets/libs/tablesaw/tablesaw.css]
[coderthemes.com/uplon/layouts/vertical/assets/libs/tablesaw/tablesaw.js]
[coderthemes.com/uplon/layouts/vertical/assets/js/pages/tablesaw.init.js]
[coderthemes.com/uplon/layouts/vertical/tables-tablesaw.html]
[coderthemes.com/uplon/layouts/vertical/assets/libs/pdfmake/pdfmake.min.js]
[coderthemes.com/uplon/layouts/vertical/assets/libs/flot-charts/jquery.flot.js]
[coderthemes.com/uplon/layouts/vertical/assets/libs/flot-charts/jquery.flot.time.js]
[coderthemes.com/uplon/layouts/vertical/assets/libs/flot-charts/jquery.flot.tooltip.min.js]
[coderthemes.com/uplon/layouts/vertical/assets/libs/flot-charts/jquery.flot.resize.js]
[coderthemes.com/uplon/layouts/vertical/assets/libs/flot-charts/jquery.flot.pie.js]
[coderthemes.com/uplon/layouts/vertical/assets/libs/flot-charts/jquery.flot.selection.js]
[coderthemes.com/uplon/layouts/vertical/assets/libs/flot-charts/jquery.flot.stack.js]
[coderthemes.com/uplon/layouts/vertical/assets/libs/flot-charts/jquery.flot.crosshair.js]
[coderthemes.com/uplon/layouts/vertical/assets/libs/flot-charts/jquery.flot.axislabels.js]
[coderthemes.com/uplon/layouts/vertical/assets/js/pages/flot.init.js]
[coderthemes.com/uplon/layouts/vertical/charts-flot.html]
[coderthemes.com/uplon/layouts/vertical/assets/js/pages/morris.init.js]
[coderthemes.com/uplon/layouts/vertical/charts-morris.html]
[coderthemes.com/uplon/layouts/vertical/assets/js/pages/chartjs.init.js]
[coderthemes.com/uplon/layouts/vertical/charts-chartjs.html]
[coderthemes.com/uplon/layouts/vertical/assets/libs/chart-js/Chart.bundle.min.js]
[coderthemes.com/uplon/layouts/vertical/assets/libs/peity/jquery.peity.min.js]
[coderthemes.com/uplon/layouts/vertical/assets/js/pages/peity.init.js]
[coderthemes.com/uplon/layouts/vertical/charts-peity.html]
[coderthemes.com/uplon/layouts/vertical/assets/js/pages/chartist.init.js]
[coderthemes.com/uplon/layouts/vertical/charts-chartist.html]
[coderthemes.com/uplon/layouts/vertical/assets/libs/c3/c3.min.css]
[coderthemes.com/uplon/layouts/vertical/assets/libs/d3/d3.min.js]
[coderthemes.com/uplon/layouts/vertical/assets/libs/c3/c3.min.js]
[coderthemes.com/uplon/layouts/vertical/assets/js/pages/c3.init.js]
[coderthemes.com/uplon/layouts/vertical/charts-c3.html]
[coderthemes.com/uplon/layouts/vertical/assets/libs/jquery-sparkline/jquery.sparkline.min.js]
[coderthemes.com/uplon/layouts/vertical/assets/js/pages/sparkline.init.js]
[coderthemes.com/uplon/layouts/vertical/charts-sparkline.html]
[coderthemes.com/uplon/layouts/vertical/charts-knob.html]
[coderthemes.com/uplon/layouts/vertical/assets/css/bootstrap-dark.min.css]
[coderthemes.com/uplon/layouts/vertical/assets/css/app-dark.min.css]
[coderthemes.com/uplon/layouts/vertical/assets/css/app-rtl.min.css]
[coderthemes.com/uplon/layouts/vertical/assets/fonts/fa-brands-400.svg]
[coderthemes.com/uplon/layouts/vertical/assets/fonts/fa-regular-400.svg]
[coderthemes.com/uplon/layouts/vertical/assets/fonts/fa-solid-900.svg]
[coderthemes.com/uplon/layouts/vertical/assets/fonts/ioniconsde33.svg]
[coderthemes.com/uplon/layouts/vertical/assets/fonts/themify9f24.svg]
[coderthemes.com/uplon/layouts/vertical/assets/fonts/Simple-Line-Icons4c82.svg]
[coderthemes.com/uplon/layouts/vertical/assets/fonts/weathericons-regular-webfont.svg]
[coderthemes.com/uplon/layouts/vertical/assets/fonts/typicons.svg]
[coderthemes.com/uplon/layouts/vertical/assets/fonts/Pe-icon-7-strokebb1d.svg]
[coderthemes.com/uplon/layouts/vertical/assets/libs/fullcalendar/fullcalendar.min.css]
[coderthemes.com/uplon/layouts/vertical/assets/libs/magnific-popup/magnific-popup.css]
[coderthemes.com/uplon/layouts/vertical/assets/libs/custombox/custombox.min.css]
[coderthemes.com/uplon/layouts/vertical/assets/libs/toastr/toastr.min.css]
[coderthemes.com/uplon/layouts/vertical/assets/libs/ion-rangeslider/ion.rangeSlider.css]
[coderthemes.com/uplon/layouts/vertical/assets/libs/sweetalert2/sweetalert2.min.css]
[coderthemes.com/uplon/layouts/vertical/assets/libs/jstree/style.css]
[coderthemes.com/uplon/layouts/vertical/assets/libs/hopscotch/hopscotch.min.css]
[coderthemes.com/uplon/layouts/vertical/assets/libs/chartist/chartist.min.css]
[coderthemes.com/uplon/layouts/vertical/assets/libs/bootstrap-tagsinput/bootstrap-tagsinput.css]
[coderthemes.com/uplon/layouts/vertical/assets/libs/switchery/switchery.min.css]
[coderthemes.com/uplon/layouts/vertical/assets/libs/multiselect/multi-select.css]
[coderthemes.com/uplon/layouts/vertical/assets/libs/select2/select2.min.css]
[coderthemes.com/uplon/layouts/vertical/assets/libs/bootstrap-timepicker/bootstrap-timepicker.min.css]
[coderthemes.com/uplon/layouts/vertical/assets/libs/bootstrap-colorpicker/bootstrap-colorpicker.min.css]
[coderthemes.com/uplon/layouts/vertical/assets/libs/bootstrap-datepicker/bootstrap-datepicker.min.css]
[coderthemes.com/uplon/layouts/vertical/assets/libs/bootstrap-daterangepicker/daterangepicker.css]
[coderthemes.com/uplon/layouts/vertical/assets/libs/clockpicker/bootstrap-clockpicker.min.css]
[coderthemes.com/uplon/layouts/vertical/assets/libs/dropify/dropify.min.css]
[coderthemes.com/uplon/layouts/vertical/assets/libs/x-editable/bootstrap-editable.css]
[coderthemes.com/uplon/layouts/vertical/assets/libs/datatables/dataTables.bootstrap4.min.css]
[coderthemes.com/uplon/layouts/vertical/assets/libs/datatables/buttons.bootstrap4.min.css]
[coderthemes.com/uplon/layouts/vertical/assets/libs/datatables/responsive.bootstrap4.min.css]
[coderthemes.com/uplon/layouts/vertical/assets/libs/datatables/select.bootstrap4.min.css]
[coderthemes.com/uplon/layouts/vertical/assets/libs/rwd-table/rwd-table.min.css]
[coderthemes.com/uplon/layouts/vertical/assets/libs/tablesaw/tablesaw.css]
[coderthemes.com/uplon/layouts/vertical/assets/libs/c3/c3.min.css]
[coderthemes.com/uplon/layouts/vertical/assets/libs/jstree/32px.html]
[coderthemes.com/uplon/layouts/vertical/assets/libs/jstree/throbber.html]
[coderthemes.com/uplon/layouts/vertical/assets/libs/jstree/40px.html]
[coderthemes.com/uplon/layouts/vertical/assets/libs/img/sprite-green.html]
[coderthemes.com/uplon/layouts/vertical/assets/libs/img/switch.html]
[coderthemes.com/uplon/layouts/vertical/assets/libs/fonts/dropify.html]
[coderthemes.com/uplon/layouts/vertical/assets/libs/fonts/dropify-2.html]
[coderthemes.com/uplon/layouts/vertical/assets/libs/fonts/dropify-3.html]
[coderthemes.com/uplon/layouts/vertical/assets/libs/fonts/dropify-4.html]
[coderthemes.com/uplon/layouts/vertical/assets/libs/img/loading.html]
[coderthemes.com/uplon/layouts/vertical/assets/libs/img/clear.html]
